2024-10-12 14:17:24,374 - INFO - Websocket connected
2024-10-12 14:17:24,437 - INFO - Websocket client connected.
2024-10-12 14:17:24,954 - INFO - Conexión exitosa con la cuenta DEMO de Quotex
2024-10-12 14:17:24,957 - INFO - Connecting to 149.154.175.55:443/TcpFull...
2024-10-12 14:17:25,003 - INFO - Connection to 149.154.175.55:443/TcpFull complete!
2024-10-12 14:17:25,541 - WARNING - Conexión WebSocket cerrada: Código None, Mensaje: None
2024-10-12 14:17:25,541 - ERROR - error from callback <bound method WebsocketClient.on_close of <quotexapi.ws.client.WebsocketClient object at 0x000002A5C3874D90>>: no running event loop
2024-10-12 14:17:25,552 - ERROR - no running event loop
2024-10-12 14:51:05,422 - INFO - Websocket connected
2024-10-12 14:51:05,484 - INFO - Websocket client connected.
2024-10-12 14:51:05,742 - INFO - Token rejeitado, fazendo reconexão automática.
2024-10-12 14:51:05,742 - INFO - Evento de desconexão disparado pela plataforma, fazendo reconexão automática.
2024-10-12 14:51:05,742 - WARNING - Conexión WebSocket cerrada: Código None, Mensaje: None
2024-10-12 14:51:05,743 - ERROR - error from callback <bound method WebsocketClient.on_close of <quotexapi.ws.client.WebsocketClient object at 0x000001443B074D90>>: no running event loop
2024-10-12 14:51:05,743 - ERROR - no running event loop
2024-10-12 14:51:07,179 - INFO - Websocket connected
2024-10-12 14:51:07,180 - INFO - Websocket client connected.
2024-10-12 14:51:37,952 - INFO - Conexión exitosa con la cuenta DEMO de Quotex
2024-10-12 14:51:37,958 - INFO - Connecting to 149.154.175.55:443/TcpFull...
2024-10-12 14:51:38,083 - INFO - Connection to 149.154.175.55:443/TcpFull complete!
2024-10-12 14:51:38,873 - WARNING - Conexión WebSocket cerrada: Código None, Mensaje: None
2024-10-12 14:51:38,873 - ERROR - error from callback <bound method WebsocketClient.on_close of <quotexapi.ws.client.WebsocketClient object at 0x000001443F2C0450>>: no running event loop
2024-10-12 14:51:38,873 - ERROR - no running event loop
2024-10-12 14:52:05,707 - INFO - Websocket connected
2024-10-12 14:52:05,722 - INFO - Websocket client connected.
2024-10-12 14:52:06,240 - INFO - Conexión exitosa con la cuenta DEMO de Quotex
2024-10-12 14:52:06,244 - INFO - Connecting to 149.154.175.55:443/TcpFull...
2024-10-12 14:52:06,343 - INFO - Connection to 149.154.175.55:443/TcpFull complete!
2024-10-12 14:52:07,141 - WARNING - Conexión WebSocket cerrada: Código None, Mensaje: None
2024-10-12 14:52:07,142 - ERROR - error from callback <bound method WebsocketClient.on_close of <quotexapi.ws.client.WebsocketClient object at 0x0000027038874D90>>: no running event loop
2024-10-12 14:52:07,142 - ERROR - no running event loop
2024-10-12 14:58:57,649 - INFO - Websocket connected
2024-10-12 14:58:57,711 - INFO - Websocket client connected.
2024-10-12 14:58:58,228 - INFO - Conexión exitosa con la cuenta DEMO de Quotex
2024-10-12 14:58:58,234 - INFO - Connecting to 149.154.175.55:443/TcpFull...
2024-10-12 14:58:58,304 - INFO - Connection to 149.154.175.55:443/TcpFull complete!
2024-10-12 14:58:58,929 - INFO - Escuchando mensajes en el canal de Telegram...
2024-10-12 14:59:29,650 - INFO - Operación programada en 30.354697 segundos para el activo USDJPY.
2024-10-12 14:59:29,650 - INFO - Operación encolada: {'asset': 'USDJPY', 'direction': 'call', 'scheduled_time_str': '15:00', 'duration_minutes': 5, 'wait_time': 30.354697}
2024-10-12 14:59:45,695 - DEBUG - Sending ping
2024-10-12 15:00:00,006 - ERROR - Error al ejecutar la operación: cannot access local variable 'operation_id' where it is not associated with a value
2024-10-12 15:00:09,734 - DEBUG - Sending ping
2024-10-12 15:00:33,742 - DEBUG - Sending ping
2024-10-12 15:00:57,757 - DEBUG - Sending ping
2024-10-12 15:01:21,772 - DEBUG - Sending ping
2024-10-12 15:01:45,781 - DEBUG - Sending ping
2024-10-12 15:02:09,794 - DEBUG - Sending ping
2024-10-12 15:02:33,798 - DEBUG - Sending ping
2024-10-12 15:02:39,445 - INFO - ¡Operación abortada por el usuario!
2024-10-12 15:03:25,270 - INFO - Websocket connected
2024-10-12 15:03:25,331 - INFO - Websocket client connected.
2024-10-12 15:03:25,848 - INFO - Conexión exitosa con la cuenta DEMO de Quotex
2024-10-12 15:03:25,852 - INFO - Connecting to 149.154.175.55:443/TcpFull...
2024-10-12 15:03:25,907 - INFO - Connection to 149.154.175.55:443/TcpFull complete!
2024-10-12 15:03:26,581 - INFO - Escuchando mensajes en el canal de Telegram...
2024-10-12 15:03:52,536 - INFO - Operación programada en 7.468219 segundos para el activo USDJPY.
2024-10-12 15:03:52,536 - INFO - Operación encolada: {'asset': 'USDJPY', 'direction': 'call', 'scheduled_time_str': '15:04', 'duration_minutes': 1, 'wait_time': 7.468219}
2024-10-12 15:04:00,010 - INFO - Iniciando operación USDJPY_15:04_1728756240
2024-10-12 15:04:00,010 - INFO - Operación USDJPY_15:04_1728756240, Intento 1: Operando USDJPY en dirección CALL con monto 1.
2024-10-12 15:04:13,316 - DEBUG - Sending ping
2024-10-12 15:04:37,324 - DEBUG - Sending ping
2024-10-12 15:05:01,338 - DEBUG - Sending ping
2024-10-12 15:05:09,216 - WARNING - Operación USDJPY_15:04_1728756240 perdida en el intento 1. Intentando nuevamente con monto 3.
2024-10-12 15:05:09,216 - INFO - Operación USDJPY_15:04_1728756240, Intento 2: Operando USDJPY en dirección CALL con monto 3.
2024-10-12 15:05:25,346 - DEBUG - Sending ping
2024-10-12 15:05:49,352 - DEBUG - Sending ping
2024-10-12 15:06:13,355 - DEBUG - Sending ping
2024-10-12 15:06:17,406 - INFO - Operación USDJPY_15:04_1728756240 ganada en el intento 2.
2024-10-12 15:06:37,370 - DEBUG - Sending ping
2024-10-12 15:06:41,636 - INFO - Operación programada en 18.363374 segundos para el activo EURJPY.
2024-10-12 15:06:41,636 - INFO - Operación encolada: {'asset': 'EURJPY', 'direction': 'call', 'scheduled_time_str': '15:07', 'duration_minutes': 1, 'wait_time': 18.363374}
2024-10-12 15:06:42,830 - INFO - Operación programada en 17.17099 segundos para el activo USDJPY.
2024-10-12 15:06:42,830 - INFO - Operación encolada: {'asset': 'USDJPY', 'direction': 'call', 'scheduled_time_str': '15:07', 'duration_minutes': 1, 'wait_time': 17.17099}
2024-10-12 15:07:00,025 - INFO - Iniciando operación EURJPY_15:07_1728756420
2024-10-12 15:07:00,025 - INFO - Operación EURJPY_15:07_1728756420, Intento 1: Operando EURJPY en dirección CALL con monto 1.
2024-10-12 15:07:01,379 - DEBUG - Sending ping
2024-10-12 15:07:25,389 - DEBUG - Sending ping
2024-10-12 15:07:49,398 - DEBUG - Sending ping
2024-10-12 15:08:07,311 - INFO - Operación EURJPY_15:07_1728756420 ganada en el intento 1.
2024-10-12 15:08:13,407 - DEBUG - Sending ping
2024-10-12 15:08:24,489 - INFO - Iniciando operación USDJPY_15:07_1728756504
2024-10-12 15:08:24,489 - INFO - Operación USDJPY_15:07_1728756504, Intento 1: Operando USDJPY en dirección CALL con monto 1.
2024-10-12 15:08:37,411 - DEBUG - Sending ping
2024-10-12 15:09:01,413 - DEBUG - Sending ping
2024-10-12 15:09:25,418 - DEBUG - Sending ping
2024-10-12 15:09:30,677 - WARNING - Operación USDJPY_15:07_1728756504 perdida en el intento 1. Intentando nuevamente con monto 3.
2024-10-12 15:09:30,678 - INFO - Operación USDJPY_15:07_1728756504, Intento 2: Operando USDJPY en dirección CALL con monto 3.
2024-10-12 15:09:49,423 - DEBUG - Sending ping
2024-10-12 15:10:13,430 - DEBUG - Sending ping
2024-10-12 15:10:37,433 - DEBUG - Sending ping
2024-10-12 15:10:37,960 - WARNING - Operación USDJPY_15:07_1728756504 perdida en el intento 2. Intentando nuevamente con monto 9.
2024-10-12 15:10:37,960 - INFO - Operación USDJPY_15:07_1728756504, Intento 3: Operando USDJPY en dirección CALL con monto 9.
2024-10-12 15:11:01,441 - DEBUG - Sending ping
2024-10-12 15:11:25,445 - DEBUG - Sending ping
2024-10-12 15:11:46,242 - WARNING - Operación USDJPY_15:07_1728756504 perdida en el intento 3. Intentando nuevamente con monto 27.
2024-10-12 15:11:49,454 - DEBUG - Sending ping
2024-10-12 15:12:13,467 - DEBUG - Sending ping
2024-10-12 15:12:37,485 - DEBUG - Sending ping
2024-10-12 15:13:01,498 - DEBUG - Sending ping
2024-10-12 15:13:25,507 - DEBUG - Sending ping
2024-10-12 15:13:49,517 - DEBUG - Sending ping
2024-10-12 15:14:13,529 - DEBUG - Sending ping
2024-10-12 15:14:37,544 - DEBUG - Sending ping
2024-10-12 15:15:01,549 - DEBUG - Sending ping
2024-10-12 15:15:25,552 - DEBUG - Sending ping
2024-10-12 15:15:49,559 - DEBUG - Sending ping
2024-10-12 15:16:13,564 - DEBUG - Sending ping
2024-10-12 15:16:37,573 - DEBUG - Sending ping
2024-10-12 15:17:01,582 - DEBUG - Sending ping
2024-10-12 15:17:25,585 - DEBUG - Sending ping
2024-10-12 15:17:49,587 - DEBUG - Sending ping
2024-10-12 15:18:13,600 - DEBUG - Sending ping
2024-10-12 15:18:37,606 - DEBUG - Sending ping
2024-10-12 15:19:01,609 - DEBUG - Sending ping
2024-10-12 15:19:25,621 - DEBUG - Sending ping
2024-10-12 15:19:49,624 - DEBUG - Sending ping
2024-10-12 15:20:13,634 - DEBUG - Sending ping
2024-10-12 15:20:37,635 - DEBUG - Sending ping
2024-10-12 15:21:01,644 - DEBUG - Sending ping
2024-10-12 15:21:25,658 - DEBUG - Sending ping
2024-10-12 15:21:49,664 - DEBUG - Sending ping
2024-10-12 15:22:13,672 - DEBUG - Sending ping
2024-10-12 15:22:37,677 - DEBUG - Sending ping
2024-10-12 15:23:01,687 - DEBUG - Sending ping
2024-10-12 15:23:25,694 - DEBUG - Sending ping
2024-10-12 15:23:49,696 - DEBUG - Sending ping
2024-10-12 15:23:59,832 - INFO - ¡Operación abortada por el usuario!
2024-10-12 15:24:05,014 - INFO - Connecting to 149.154.175.55:443/TcpFull...
2024-10-12 15:24:05,079 - INFO - Connection to 149.154.175.55:443/TcpFull complete!
2024-10-12 15:24:05,655 - INFO - Escuchando mensajes en el canal de Telegram...
2024-10-12 15:24:50,431 - INFO - Operación programada en 9.573162 segundos para el activo EURJPY.
2024-10-12 15:24:50,431 - INFO - Operación programada: {'asset': 'EURJPY', 'direction': 'put', 'scheduled_time_str': '15:25', 'duration_minutes': 1, 'wait_time': 9.573162}
2024-10-12 15:24:51,402 - INFO - Operación programada en 8.597662 segundos para el activo USDJPY.
2024-10-12 15:24:51,402 - INFO - Operación programada: {'asset': 'USDJPY', 'direction': 'put', 'scheduled_time_str': '15:25', 'duration_minutes': 1, 'wait_time': 8.597662}
2024-10-12 15:25:00,007 - INFO - Iniciando operación EURJPY_15:25_1728757500
2024-10-12 15:25:04,000 - INFO - Websocket connected
2024-10-12 15:25:04,047 - INFO - Websocket client connected.
2024-10-12 15:25:04,564 - INFO - Conexión exitosa con la cuenta DEMO de Quotex
2024-10-12 15:25:04,565 - INFO - Operación EURJPY_15:25_1728757500, Intento 1: Operando EURJPY en dirección PUT con monto 1.
2024-10-12 15:25:04,565 - INFO - Iniciando operación USDJPY_15:25_1728757504
2024-10-12 15:25:05,467 - INFO - Closing websocket connection...
2024-10-12 15:25:06,181 - INFO - Websocket connected
2024-10-12 15:25:06,243 - INFO - Websocket client connected.
2024-10-12 15:25:06,760 - INFO - Conexión exitosa con la cuenta DEMO de Quotex
2024-10-12 15:25:06,760 - INFO - Operación USDJPY_15:25_1728757504, Intento 1: Operando USDJPY en dirección PUT con monto 1.
2024-10-12 15:25:06,760 - WARNING - El activo USDJPY está cerrado o no disponible para la operación USDJPY_15:25_1728757504.
2024-10-12 15:25:06,797 - WARNING - Conexión WebSocket cerrada: Código None, Mensaje: None
2024-10-12 15:25:06,797 - ERROR - error from callback <bound method WebsocketClient.on_close of <quotexapi.ws.client.WebsocketClient object at 0x0000024247ED8F50>>: no running event loop
2024-10-12 15:25:06,797 - ERROR - no running event loop
2024-10-12 15:25:06,933 - ERROR - Operación EURJPY_15:25_1728757500 fallida para EURJPY. Estado negativo recibido.
2024-10-12 15:25:06,934 - WARNING - Conexión WebSocket cerrada: Código None, Mensaje: None
2024-10-12 15:25:06,934 - ERROR - error from callback <bound method WebsocketClient.on_close of <quotexapi.ws.client.WebsocketClient object at 0x0000024246F4F610>>: no running event loop
2024-10-12 15:25:06,934 - ERROR - no running event loop
2024-10-12 15:26:33,599 - INFO - Operación programada en 26.400656 segundos para el activo EURJPY.
2024-10-12 15:26:33,599 - INFO - Operación programada: {'asset': 'EURJPY', 'direction': 'put', 'scheduled_time_str': '15:27', 'duration_minutes': 1, 'wait_time': 26.400656}
2024-10-12 15:26:39,159 - INFO - Operación programada en 20.841962 segundos para el activo EURCAD.
2024-10-12 15:26:39,159 - INFO - Operación programada: {'asset': 'EURCAD', 'direction': 'put', 'scheduled_time_str': '15:27', 'duration_minutes': 1, 'wait_time': 20.841962}
2024-10-12 15:27:00,002 - INFO - Iniciando operación EURJPY_15:27_1728757620
2024-10-12 15:27:02,079 - INFO - Websocket connected
2024-10-12 15:27:02,141 - INFO - Websocket client connected.
2024-10-12 15:27:02,642 - INFO - Conexión exitosa con la cuenta DEMO de Quotex
2024-10-12 15:27:02,643 - INFO - Operación EURJPY_15:27_1728757620, Intento 1: Operando EURJPY en dirección PUT con monto 1.
2024-10-12 15:27:02,644 - INFO - Iniciando operación EURCAD_15:27_1728757622
2024-10-12 15:27:03,608 - INFO - Closing websocket connection...
2024-10-12 15:27:04,106 - INFO - Websocket connected
2024-10-12 15:27:04,169 - INFO - Websocket client connected.
2024-10-12 15:27:04,686 - INFO - Conexión exitosa con la cuenta DEMO de Quotex
2024-10-12 15:27:04,686 - INFO - Operación EURCAD_15:27_1728757622, Intento 1: Operando EURCAD en dirección PUT con monto 1.
2024-10-12 15:27:40,708 - ERROR - Resultado desconocido de la operación EURJPY_15:27_1728757620.
2024-10-12 15:27:40,902 - WARNING - Conexión WebSocket cerrada: Código None, Mensaje: None
2024-10-12 15:27:40,902 - ERROR - error from callback <bound method WebsocketClient.on_close of <quotexapi.ws.client.WebsocketClient object at 0x0000024247F6A410>>: no running event loop
2024-10-12 15:27:40,902 - ERROR - no running event loop
2024-10-12 15:27:52,162 - DEBUG - Sending ping
2024-10-12 15:28:12,202 - WARNING - Operación EURCAD_15:27_1728757622 perdida en el intento 1. Intentando nuevamente con monto 3.
2024-10-12 15:28:12,202 - INFO - Operación EURCAD_15:27_1728757622, Intento 2: Operando EURCAD en dirección PUT con monto 3.
2024-10-12 15:28:12,310 - ERROR - Operación EURCAD_15:27_1728757622 fallida para EURCAD. Estado negativo recibido.
2024-10-12 15:28:12,392 - WARNING - Conexión WebSocket cerrada: Código None, Mensaje: None
2024-10-12 15:28:12,392 - ERROR - error from callback <bound method WebsocketClient.on_close of <quotexapi.ws.client.WebsocketClient object at 0x00000242482655D0>>: no running event loop
2024-10-12 15:28:12,392 - ERROR - no running event loop
2024-10-12 15:29:58,504 - INFO - Operación programada en 1.495786 segundos para el activo EURJPY.
2024-10-12 15:29:58,504 - INFO - Operación programada: {'asset': 'EURJPY', 'direction': 'put', 'scheduled_time_str': '15:30', 'duration_minutes': 1, 'wait_time': 1.495786}
2024-10-12 15:30:00,012 - INFO - Iniciando operación EURJPY_15:30_1728757800
2024-10-12 15:30:03,721 - INFO - Websocket connected
2024-10-12 15:30:03,767 - INFO - Websocket client connected.
2024-10-12 15:30:04,283 - INFO - Conexión exitosa con la cuenta DEMO de Quotex
2024-10-12 15:30:04,283 - INFO - Operación EURJPY_15:30_1728757800, Intento 1: Operando EURJPY en dirección PUT con monto 1.
2024-10-12 15:30:04,289 - INFO - Operación programada en 86395.710916 segundos para el activo EURCAD.
2024-10-12 15:30:04,289 - INFO - Operación programada: {'asset': 'EURCAD', 'direction': 'put', 'scheduled_time_str': '15:30', 'duration_minutes': 1, 'wait_time': 86395.710916}
2024-10-12 15:30:06,446 - INFO - Got difference for channel 1776892169 updates
2024-10-12 15:30:06,529 - INFO - Got difference for channel 2119057685 updates
2024-10-12 15:30:11,065 - INFO - Got difference for channel 2119057685 updates
2024-10-12 15:30:32,327 - INFO - Operación programada en 27.673449 segundos para el activo AUDJPY.
2024-10-12 15:30:32,327 - INFO - Operación programada: {'asset': 'AUDJPY', 'direction': 'put', 'scheduled_time_str': '15:31', 'duration_minutes': 1, 'wait_time': 27.673449}
2024-10-12 15:30:33,431 - INFO - Operación programada en 26.568414 segundos para el activo EURJPY.
2024-10-12 15:30:33,431 - INFO - Operación programada: {'asset': 'EURJPY', 'direction': 'put', 'scheduled_time_str': '15:31', 'duration_minutes': 1, 'wait_time': 26.568414}
2024-10-12 15:30:51,756 - DEBUG - Sending ping
2024-10-12 15:31:00,006 - INFO - Iniciando operación EURJPY_15:31_1728757860
2024-10-12 15:31:01,206 - INFO - Closing websocket connection...
2024-10-12 15:31:02,023 - INFO - Websocket connected
2024-10-12 15:31:02,086 - INFO - Websocket client connected.
2024-10-12 15:31:02,603 - INFO - Conexión exitosa con la cuenta DEMO de Quotex
2024-10-12 15:31:02,603 - INFO - Operación EURJPY_15:31_1728757860, Intento 1: Operando EURJPY en dirección PUT con monto 1.
2024-10-12 15:31:02,605 - INFO - Iniciando operación AUDJPY_15:31_1728757862
2024-10-12 15:31:03,582 - INFO - Closing websocket connection...
2024-10-12 15:31:04,321 - INFO - Websocket connected
2024-10-12 15:31:04,368 - INFO - Websocket client connected.
2024-10-12 15:31:04,870 - INFO - Conexión exitosa con la cuenta DEMO de Quotex
2024-10-12 15:31:04,871 - INFO - Operación AUDJPY_15:31_1728757862, Intento 1: Operando AUDJPY en dirección PUT con monto 1.
2024-10-12 15:31:15,757 - DEBUG - Sending ping
2024-10-12 15:31:16,991 - INFO - Operación EURJPY_15:30_1728757800 ganada en el intento 1.
2024-10-12 15:31:17,173 - WARNING - Conexión WebSocket cerrada: Código None, Mensaje: None
2024-10-12 15:31:17,173 - ERROR - error from callback <bound method WebsocketClient.on_close of <quotexapi.ws.client.WebsocketClient object at 0x00000242483C3ED0>>: no running event loop
2024-10-12 15:31:17,173 - ERROR - no running event loop
2024-10-12 15:31:40,906 - ERROR - Resultado desconocido de la operación EURJPY_15:31_1728757860.
2024-10-12 15:31:40,918 - WARNING - Conexión WebSocket cerrada: Código None, Mensaje: None
2024-10-12 15:31:40,918 - ERROR - error from callback <bound method WebsocketClient.on_close of <quotexapi.ws.client.WebsocketClient object at 0x00000242483C6390>>: no running event loop
2024-10-12 15:31:40,918 - ERROR - no running event loop
2024-10-12 15:31:52,377 - DEBUG - Sending ping
2024-10-12 15:32:11,984 - WARNING - Operación AUDJPY_15:31_1728757862 perdida en el intento 1. Intentando nuevamente con monto 3.
2024-10-12 15:32:11,985 - INFO - Operación AUDJPY_15:31_1728757862, Intento 2: Operando AUDJPY en dirección PUT con monto 3.
2024-10-12 15:32:12,092 - ERROR - Operación AUDJPY_15:31_1728757862 fallida para AUDJPY. Estado negativo recibido.
2024-10-12 15:32:12,270 - WARNING - Conexión WebSocket cerrada: Código None, Mensaje: None
2024-10-12 15:32:12,271 - ERROR - error from callback <bound method WebsocketClient.on_close of <quotexapi.ws.client.WebsocketClient object at 0x00000242483C6AD0>>: no running event loop
2024-10-12 15:32:12,271 - ERROR - no running event loop
2024-10-12 15:35:08,425 - INFO - ¡Operación abortada por el usuario!
2024-10-12 15:35:54,685 - INFO - Connecting to 149.154.175.55:443/TcpFull...
2024-10-12 15:35:54,783 - INFO - Connection to 149.154.175.55:443/TcpFull complete!
2024-10-12 15:35:55,531 - INFO - Escuchando mensajes en el canal de Telegram...
2024-10-12 15:36:20,700 - INFO - Operación programada en 39.302692 segundos para el activo EURJPY.
2024-10-12 15:36:20,700 - INFO - Operación programada: {'asset': 'EURJPY', 'direction': 'put', 'scheduled_time_str': '15:37', 'duration_minutes': 1, 'wait_time': 39.302692}
2024-10-12 15:36:21,313 - INFO - Operación programada en 38.68668 segundos para el activo AUDJPY.
2024-10-12 15:36:21,313 - INFO - Operación programada: {'asset': 'AUDJPY', 'direction': 'put', 'scheduled_time_str': '15:37', 'duration_minutes': 1, 'wait_time': 38.68668}
2024-10-12 15:37:00,019 - INFO - Iniciando operación AUDJPY_15:37_1728758220
2024-10-12 15:37:02,225 - INFO - Websocket connected
2024-10-12 15:37:02,287 - INFO - Websocket client connected.
2024-10-12 15:37:02,815 - INFO - Conexión exitosa con la cuenta DEMO de Quotex
2024-10-12 15:37:02,815 - INFO - Operación AUDJPY_15:37_1728758220, Intento 1: Operando AUDJPY en dirección PUT con monto 1.
2024-10-12 15:37:02,816 - INFO - Iniciando operación EURJPY_15:37_1728758222
2024-10-12 15:37:03,749 - INFO - Closing websocket connection...
2024-10-12 15:37:04,244 - INFO - Websocket connected
2024-10-12 15:37:04,306 - INFO - Websocket client connected.
2024-10-12 15:37:04,809 - INFO - Conexión exitosa con la cuenta DEMO de Quotex
2024-10-12 15:37:04,810 - INFO - Operación EURJPY_15:37_1728758222, Intento 1: Operando EURJPY en dirección PUT con monto 1.
2024-10-12 15:37:50,275 - DEBUG - Sending ping
2024-10-12 15:37:52,297 - DEBUG - Sending ping
2024-10-12 15:38:06,744 - INFO - Operación AUDJPY_15:37_1728758220 ganada en el intento 1.
2024-10-12 15:38:06,990 - WARNING - Conexión WebSocket cerrada: Código None, Mensaje: None
2024-10-12 15:38:06,990 - ERROR - error from callback <bound method WebsocketClient.on_close of <quotexapi.ws.client.WebsocketClient object at 0x000002D09A953010>>: no running event loop
2024-10-12 15:38:06,990 - ERROR - no running event loop
2024-10-12 15:38:12,034 - INFO - Operación EURJPY_15:37_1728758222 ganada en el intento 1.
2024-10-12 15:38:12,209 - WARNING - Conexión WebSocket cerrada: Código None, Mensaje: None
2024-10-12 15:38:12,209 - ERROR - error from callback <bound method WebsocketClient.on_close of <quotexapi.ws.client.WebsocketClient object at 0x000002D09E89EFD0>>: no running event loop
2024-10-12 15:38:12,209 - ERROR - no running event loop
2024-10-12 15:38:43,158 - INFO - Got difference for account updates
2024-10-12 15:38:47,032 - INFO - Operación programada en 12.967679 segundos para el activo AUDJPY.
2024-10-12 15:38:47,033 - INFO - Operación programada: {'asset': 'AUDJPY', 'direction': 'put', 'scheduled_time_str': '15:39', 'duration_minutes': 1, 'wait_time': 12.967679}
2024-10-12 15:39:00,005 - INFO - Iniciando operación AUDJPY_15:39_1728758340
2024-10-12 15:39:01,826 - INFO - Websocket connected
2024-10-12 15:39:01,888 - INFO - Websocket client connected.
2024-10-12 15:39:02,406 - INFO - Conexión exitosa con la cuenta DEMO de Quotex
2024-10-12 15:39:02,407 - INFO - Operación AUDJPY_15:39_1728758340, Intento 1: Operando AUDJPY en dirección PUT con monto 1.
2024-10-12 15:39:49,863 - DEBUG - Sending ping
2024-10-12 15:40:10,501 - INFO - Operación AUDJPY_15:39_1728758340 ganada en el intento 1.
2024-10-12 15:40:10,685 - WARNING - Conexión WebSocket cerrada: Código None, Mensaje: None
2024-10-12 15:40:10,686 - ERROR - error from callback <bound method WebsocketClient.on_close of <quotexapi.ws.client.WebsocketClient object at 0x000002D09E9D1C90>>: no running event loop
2024-10-12 15:40:10,686 - ERROR - no running event loop
2024-10-12 15:41:24,115 - INFO - Operación programada en 35.884844 segundos para el activo EURJPY.
2024-10-12 15:41:24,115 - INFO - Operación programada: {'asset': 'EURJPY', 'direction': 'put', 'scheduled_time_str': '15:42', 'duration_minutes': 1, 'wait_time': 35.884844}
2024-10-12 15:41:25,321 - INFO - Operación programada en 34.678884 segundos para el activo AUDJPY.
2024-10-12 15:41:25,321 - INFO - Operación programada: {'asset': 'AUDJPY', 'direction': 'put', 'scheduled_time_str': '15:42', 'duration_minutes': 1, 'wait_time': 34.678884}
2024-10-12 15:41:59,998 - INFO - Iniciando operación AUDJPY_15:42_1728758519
2024-10-12 15:42:02,166 - INFO - Websocket connected
2024-10-12 15:42:02,196 - INFO - Websocket client connected.
2024-10-12 15:42:02,715 - INFO - Conexión exitosa con la cuenta DEMO de Quotex
2024-10-12 15:42:02,715 - INFO - Operación AUDJPY_15:42_1728758519, Intento 1: Operando AUDJPY en dirección PUT con monto 1.
2024-10-12 15:42:02,716 - INFO - Iniciando operación EURJPY_15:42_1728758522
2024-10-12 15:42:03,668 - INFO - Closing websocket connection...
2024-10-12 15:42:06,156 - INFO - Websocket connected
2024-10-12 15:42:06,218 - INFO - Websocket client connected.
2024-10-12 15:42:06,736 - INFO - Conexión exitosa con la cuenta DEMO de Quotex
2024-10-12 15:42:06,736 - INFO - Operación EURJPY_15:42_1728758522, Intento 1: Operando EURJPY en dirección PUT con monto 1.
2024-10-12 15:42:50,213 - DEBUG - Sending ping
2024-10-12 15:42:50,637 - WARNING - Conexión WebSocket cerrada: Código None, Mensaje: None
2024-10-12 15:42:50,637 - ERROR - error from callback <bound method WebsocketClient.on_close of <quotexapi.ws.client.WebsocketClient object at 0x000002D09E8CDD50>>: no running event loop
2024-10-12 15:42:50,637 - ERROR - no running event loop
2024-10-12 15:43:06,110 - WARNING - Operación AUDJPY_15:42_1728758519 perdida en el intento 1. Intentando nuevamente con monto 3.
2024-10-12 15:43:06,110 - INFO - Operación AUDJPY_15:42_1728758519, Intento 2: Operando AUDJPY en dirección PUT con monto 3.
2024-10-12 15:43:06,220 - ERROR - Operación AUDJPY_15:42_1728758519 fallida para AUDJPY. Estado negativo recibido.
2024-10-12 15:43:06,233 - WARNING - Conexión WebSocket cerrada: Código None, Mensaje: None
2024-10-12 15:43:06,233 - ERROR - error from callback <bound method WebsocketClient.on_close of <quotexapi.ws.client.WebsocketClient object at 0x000002D09E887BD0>>: no running event loop
2024-10-12 15:43:06,233 - ERROR - no running event loop
2024-10-12 15:44:39,662 - INFO - ¡Operación abortada por el usuario!
2024-10-12 15:50:09,526 - INFO - Connecting to 149.154.175.55:443/TcpFull...
2024-10-12 15:50:09,573 - INFO - Connection to 149.154.175.55:443/TcpFull complete!
2024-10-12 15:50:09,955 - INFO - Escuchando mensajes en el canal de Telegram...
2024-10-12 15:50:20,087 - INFO - Operación programada en 39.91794 segundos para el activo AUDJPY.
2024-10-12 15:50:20,088 - INFO - Operación programada: {'asset': 'AUDJPY', 'direction': 'put', 'scheduled_time_str': '15:51', 'duration_minutes': 1, 'wait_time': 39.91794}
2024-10-12 15:50:26,124 - INFO - Operación programada en 33.875983 segundos para el activo EURJPY.
2024-10-12 15:50:26,124 - INFO - Operación programada: {'asset': 'EURJPY', 'direction': 'put', 'scheduled_time_str': '15:51', 'duration_minutes': 1, 'wait_time': 33.875983}
2024-10-12 15:51:00,016 - INFO - Iniciando operación AUDJPY_15:51_1728759060
2024-10-12 15:51:02,961 - INFO - Websocket connected
2024-10-12 15:51:03,023 - INFO - Websocket client connected.
2024-10-12 15:51:03,539 - INFO - Conexión exitosa con la cuenta DEMO de Quotex
2024-10-12 15:51:03,539 - INFO - Operación AUDJPY_15:51_1728759060, Intento 1: Operando AUDJPY en dirección PUT con monto 1.
2024-10-12 15:51:03,540 - INFO - Iniciando operación EURJPY_15:51_1728759063
2024-10-12 15:51:04,368 - INFO - Closing websocket connection...
2024-10-12 15:51:05,057 - INFO - Websocket connected
2024-10-12 15:51:05,119 - INFO - Websocket client connected.
2024-10-12 15:51:05,644 - INFO - Conexión exitosa con la cuenta DEMO de Quotex
2024-10-12 15:51:05,645 - INFO - Operación EURJPY_15:51_1728759063, Intento 1: Operando EURJPY en dirección PUT con monto 1.
2024-10-12 15:51:50,995 - DEBUG - Sending ping
2024-10-12 15:51:53,113 - DEBUG - Sending ping
2024-10-12 15:52:05,707 - WARNING - Operación AUDJPY_15:51_1728759060 perdida en el intento 1. Intentando nuevamente con monto 3.
2024-10-12 15:52:05,708 - INFO - Operación AUDJPY_15:51_1728759060, Intento 2: Operando AUDJPY en dirección PUT con monto 3.
2024-10-12 15:52:12,753 - INFO - Operación EURJPY_15:51_1728759063 ganada en el intento 1.
2024-10-12 15:52:12,797 - WARNING - Conexión WebSocket cerrada: Código None, Mensaje: None
2024-10-12 15:52:12,798 - ERROR - error from callback <bound method WebsocketClient.on_close of <quotexapi.ws.client.WebsocketClient object at 0x00000203256ACF10>>: no running event loop
2024-10-12 15:52:12,798 - ERROR - no running event loop
2024-10-12 15:52:15,003 - DEBUG - Sending ping
2024-10-12 15:52:39,014 - DEBUG - Sending ping
2024-10-12 15:53:03,024 - DEBUG - Sending ping
2024-10-12 15:53:13,025 - INFO - Operación AUDJPY_15:51_1728759060 ganada en el intento 2.
2024-10-12 15:53:13,246 - WARNING - Conexión WebSocket cerrada: Código None, Mensaje: None
2024-10-12 15:53:13,246 - ERROR - error from callback <bound method WebsocketClient.on_close of <quotexapi.ws.client.WebsocketClient object at 0x0000020324BA3DD0>>: no running event loop
2024-10-12 15:53:13,246 - ERROR - no running event loop
2024-10-12 15:57:02,546 - INFO - ¡Operación abortada por el usuario!
2024-10-12 15:57:41,616 - INFO - Connecting to 149.154.175.55:443/TcpFull...
2024-10-12 15:57:41,683 - INFO - Connection to 149.154.175.55:443/TcpFull complete!
2024-10-12 15:57:42,350 - INFO - Escuchando mensajes en el canal de Telegram...
2024-10-12 16:00:11,595 - INFO - Got difference for channel 2119057685 updates
2024-10-12 16:12:42,233 - INFO - Got difference for account updates
2024-10-12 16:19:43,655 - INFO - Got difference for channel 1776892169 updates
2024-10-12 16:27:42,577 - INFO - Got difference for channel 1836068618 updates
2024-10-12 16:30:03,288 - INFO - Got difference for channel 2119057685 updates
2024-10-12 16:30:06,240 - INFO - Got difference for channel 1776892169 updates
2024-10-12 16:30:06,427 - INFO - Got difference for channel 2119057685 updates
2024-10-12 16:30:38,329 - INFO - Operación programada en 261.675797 segundos para el activo USDCAD.
2024-10-12 16:30:38,330 - INFO - Operación programada: {'asset': 'USDCAD', 'direction': 'call', 'scheduled_time_str': '16:35', 'duration_minutes': 5, 'wait_time': 261.675797}
2024-10-12 16:35:00,004 - INFO - Iniciando operación USDCAD_16:35_1728761700
2024-10-12 16:35:03,052 - INFO - Websocket connected
2024-10-12 16:35:03,099 - INFO - Websocket client connected.
2024-10-12 16:35:03,615 - INFO - Conexión exitosa con la cuenta DEMO de Quotex
2024-10-12 16:35:03,615 - INFO - Operación USDCAD_16:35_1728761700, Intento 1: Operando USDCAD en dirección CALL con monto 1.
2024-10-12 16:35:51,076 - DEBUG - Sending ping
2024-10-12 16:36:15,083 - DEBUG - Sending ping
2024-10-12 16:36:39,084 - DEBUG - Sending ping
2024-10-12 16:37:03,091 - DEBUG - Sending ping
2024-10-12 16:37:27,094 - DEBUG - Sending ping
2024-10-12 16:37:51,102 - DEBUG - Sending ping
2024-10-12 16:38:15,108 - DEBUG - Sending ping
2024-10-12 16:38:39,120 - DEBUG - Sending ping
2024-10-12 16:39:03,126 - DEBUG - Sending ping
2024-10-12 16:39:27,136 - DEBUG - Sending ping
2024-10-12 16:39:51,148 - DEBUG - Sending ping
2024-10-12 16:40:13,016 - INFO - Operación USDCAD_16:35_1728761700 ganada en el intento 1.
2024-10-12 16:40:13,065 - WARNING - Conexión WebSocket cerrada: Código None, Mensaje: None
2024-10-12 16:40:13,065 - ERROR - error from callback <bound method WebsocketClient.on_close of <quotexapi.ws.client.WebsocketClient object at 0x000001E5DBBC04D0>>: no running event loop
2024-10-12 16:40:13,065 - ERROR - no running event loop
2024-10-12 16:57:42,621 - INFO - Got difference for account updates
2024-10-12 17:00:04,572 - INFO - Got difference for channel 1776892169 updates
2024-10-12 17:00:05,154 - INFO - Got difference for channel 2119057685 updates
2024-10-12 17:00:10,374 - INFO - Got difference for channel 2119057685 updates
2024-10-12 17:01:15,006 - INFO - Got difference for channel 1776892169 updates
2024-10-12 17:03:39,458 - INFO - Got difference for channel 1823848674 updates
2024-10-12 17:15:39,444 - INFO - Operación programada en 260.556049 segundos para el activo AUDCAD.
2024-10-12 17:15:39,444 - INFO - Operación programada: {'asset': 'AUDCAD', 'direction': 'put', 'scheduled_time_str': '17:20', 'duration_minutes': 5, 'wait_time': 260.556049}
2024-10-12 17:15:40,058 - INFO - Operación programada en 259.941569 segundos para el activo USDCHF.
2024-10-12 17:15:40,058 - INFO - Operación programada: {'asset': 'USDCHF', 'direction': 'put', 'scheduled_time_str': '17:20', 'duration_minutes': 5, 'wait_time': 259.941569}
2024-10-12 17:20:00,001 - INFO - Iniciando operación AUDCAD_17:20_1728764400
2024-10-12 17:20:01,681 - INFO - Websocket connected
2024-10-12 17:20:01,744 - INFO - Websocket client connected.
2024-10-12 17:20:02,049 - INFO - Token rejeitado, fazendo reconexão automática.
2024-10-12 17:20:02,049 - INFO - Evento de desconexão disparado pela plataforma, fazendo reconexão automática.
2024-10-12 17:20:02,050 - WARNING - Conexión WebSocket cerrada: Código None, Mensaje: None
2024-10-12 17:20:02,050 - ERROR - error from callback <bound method WebsocketClient.on_close of <quotexapi.ws.client.WebsocketClient object at 0x000001E5DBF69CD0>>: no running event loop
2024-10-12 17:20:02,050 - ERROR - no running event loop
2024-10-12 17:20:02,259 - ERROR - Error al ejecutar la operación AUDCAD_17:20_1728764400: Connection is already closed.
2024-10-12 17:20:02,259 - INFO - Iniciando operación USDCHF_17:20_1728764402
2024-10-12 17:20:03,516 - INFO - Websocket connected
2024-10-12 17:20:03,517 - INFO - Websocket client connected.
2024-10-12 17:20:25,139 - INFO - Conexión exitosa con la cuenta DEMO de Quotex
2024-10-12 17:20:25,139 - INFO - Operación USDCHF_17:20_1728764402, Intento 1: Operando USDCHF en dirección PUT con monto 1.
2024-10-12 17:20:51,528 - DEBUG - Sending ping
2024-10-12 17:21:15,535 - DEBUG - Sending ping
2024-10-12 17:21:39,542 - DEBUG - Sending ping
2024-10-12 17:22:03,545 - DEBUG - Sending ping
2024-10-12 17:22:27,546 - DEBUG - Sending ping
2024-10-12 17:22:51,556 - DEBUG - Sending ping
2024-10-12 17:23:15,566 - DEBUG - Sending ping
2024-10-12 17:23:39,578 - DEBUG - Sending ping
2024-10-12 17:24:03,592 - DEBUG - Sending ping
2024-10-12 17:24:27,604 - DEBUG - Sending ping
2024-10-12 17:24:51,615 - DEBUG - Sending ping
2024-10-12 17:25:15,615 - DEBUG - Sending ping
2024-10-12 17:25:34,610 - INFO - Operación USDCHF_17:20_1728764402 ganada en el intento 1.
2024-10-12 17:25:34,800 - WARNING - Conexión WebSocket cerrada: Código None, Mensaje: None
2024-10-12 17:25:34,801 - ERROR - error from callback <bound method WebsocketClient.on_close of <quotexapi.ws.client.WebsocketClient object at 0x000001E5DBF37190>>: no running event loop
2024-10-12 17:25:34,801 - ERROR - no running event loop
2024-10-12 17:25:41,053 - INFO - Operación programada en 258.946075 segundos para el activo CADJPY.
2024-10-12 17:25:41,053 - INFO - Operación programada: {'asset': 'CADJPY', 'direction': 'call', 'scheduled_time_str': '17:30', 'duration_minutes': 5, 'wait_time': 258.946075}
2024-10-12 17:29:59,999 - INFO - Iniciando operación CADJPY_17:30_1728764999
2024-10-12 17:30:01,977 - INFO - Websocket connected
2024-10-12 17:30:02,039 - INFO - Websocket client connected.
2024-10-12 17:30:02,540 - INFO - Conexión exitosa con la cuenta DEMO de Quotex
2024-10-12 17:30:02,540 - INFO - Operación CADJPY_17:30_1728764999, Intento 1: Operando CADJPY en dirección CALL con monto 1.
2024-10-12 17:30:07,584 - INFO - Got difference for channel 1776892169 updates
2024-10-12 17:30:07,682 - INFO - Got difference for channel 2119057685 updates
2024-10-12 17:30:50,014 - DEBUG - Sending ping
2024-10-12 17:31:14,020 - DEBUG - Sending ping
2024-10-12 17:31:38,030 - DEBUG - Sending ping
2024-10-12 17:32:02,032 - DEBUG - Sending ping
2024-10-12 17:32:26,041 - DEBUG - Sending ping
2024-10-12 17:32:50,055 - DEBUG - Sending ping
2024-10-12 17:33:14,061 - DEBUG - Sending ping
2024-10-12 17:33:38,077 - DEBUG - Sending ping
2024-10-12 17:34:02,088 - DEBUG - Sending ping
2024-10-12 17:34:05,767 - INFO - Got difference for channel 1776892169 updates
2024-10-12 17:34:26,096 - DEBUG - Sending ping
2024-10-12 17:34:50,100 - DEBUG - Sending ping
2024-10-12 17:35:12,283 - WARNING - Operación CADJPY_17:30_1728764999 perdida en el intento 1. Intentando nuevamente con monto 3.
2024-10-12 17:35:12,284 - INFO - Operación CADJPY_17:30_1728764999, Intento 2: Operando CADJPY en dirección CALL con monto 3.
2024-10-12 17:35:14,107 - DEBUG - Sending ping
2024-10-12 17:35:38,108 - DEBUG - Sending ping
2024-10-12 17:36:02,117 - DEBUG - Sending ping
2024-10-12 17:36:26,124 - DEBUG - Sending ping
2024-10-12 17:36:50,135 - DEBUG - Sending ping
2024-10-12 17:37:14,144 - DEBUG - Sending ping
2024-10-12 17:37:38,156 - DEBUG - Sending ping
2024-10-12 17:38:02,170 - DEBUG - Sending ping
2024-10-12 17:38:26,174 - DEBUG - Sending ping
2024-10-12 17:38:50,179 - DEBUG - Sending ping
2024-10-12 17:39:14,188 - DEBUG - Sending ping
2024-10-12 17:39:38,189 - DEBUG - Sending ping
2024-10-12 17:40:02,189 - DEBUG - Sending ping
2024-10-12 17:40:21,995 - WARNING - Operación CADJPY_17:30_1728764999 perdida en el intento 2. Intentando nuevamente con monto 9.
2024-10-12 17:40:21,995 - INFO - Operación CADJPY_17:30_1728764999, Intento 3: Operando CADJPY en dirección CALL con monto 9.
2024-10-12 17:40:26,195 - DEBUG - Sending ping
2024-10-12 17:40:50,203 - DEBUG - Sending ping
2024-10-12 17:41:14,210 - DEBUG - Sending ping
2024-10-12 17:41:38,224 - DEBUG - Sending ping
2024-10-12 17:42:02,228 - DEBUG - Sending ping
2024-10-12 17:42:26,240 - DEBUG - Sending ping
2024-10-12 17:42:50,244 - DEBUG - Sending ping
2024-10-12 17:43:14,252 - DEBUG - Sending ping
2024-10-12 17:43:38,264 - DEBUG - Sending ping
2024-10-12 17:44:02,278 - DEBUG - Sending ping
2024-10-12 17:44:26,287 - DEBUG - Sending ping
2024-10-12 17:44:50,299 - DEBUG - Sending ping
2024-10-12 17:45:14,302 - DEBUG - Sending ping
2024-10-12 17:45:31,676 - WARNING - Operación CADJPY_17:30_1728764999 perdida en el intento 3. Intentando nuevamente con monto 27.
2024-10-12 17:45:31,874 - WARNING - Conexión WebSocket cerrada: Código None, Mensaje: None
2024-10-12 17:45:31,875 - ERROR - error from callback <bound method WebsocketClient.on_close of <quotexapi.ws.client.WebsocketClient object at 0x000001E5DBBB3250>>: no running event loop
2024-10-12 17:45:31,875 - ERROR - no running event loop
2024-10-12 17:48:39,788 - INFO - Got difference for account updates
2024-10-12 17:57:37,202 - INFO - Got difference for channel 1836068618 updates
2024-10-12 18:00:42,101 - INFO - Operación programada en 257.899979 segundos para el activo AUDCAD.
2024-10-12 18:00:42,101 - INFO - Operación programada: {'asset': 'AUDCAD', 'direction': 'put', 'scheduled_time_str': '18:05', 'duration_minutes': 5, 'wait_time': 257.899979}
2024-10-12 18:03:39,998 - INFO - Got difference for channel 1823848674 updates
2024-10-12 18:05:00,005 - INFO - Iniciando operación AUDCAD_18:05_1728767100
2024-10-12 18:05:02,138 - INFO - Websocket connected
2024-10-12 18:05:02,200 - INFO - Websocket client connected.
2024-10-12 18:05:02,716 - INFO - Conexión exitosa con la cuenta DEMO de Quotex
2024-10-12 18:05:02,716 - INFO - Operación AUDCAD_18:05_1728767100, Intento 1: Operando AUDCAD en dirección PUT con monto 1.
2024-10-12 18:05:50,189 - DEBUG - Sending ping
2024-10-12 18:06:14,197 - DEBUG - Sending ping
2024-10-12 18:06:38,209 - DEBUG - Sending ping
2024-10-12 18:07:02,224 - DEBUG - Sending ping
2024-10-12 18:07:26,228 - DEBUG - Sending ping
2024-10-12 18:07:50,242 - DEBUG - Sending ping
2024-10-12 18:08:14,255 - DEBUG - Sending ping
2024-10-12 18:08:38,270 - DEBUG - Sending ping
2024-10-12 18:09:02,277 - DEBUG - Sending ping
2024-10-12 18:09:26,286 - DEBUG - Sending ping
2024-10-12 18:09:50,289 - DEBUG - Sending ping
2024-10-12 18:10:11,169 - INFO - Operación AUDCAD_18:05_1728767100 ganada en el intento 1.
2024-10-12 18:10:11,354 - WARNING - Conexión WebSocket cerrada: Código None, Mensaje: None
2024-10-12 18:10:11,355 - ERROR - error from callback <bound method WebsocketClient.on_close of <quotexapi.ws.client.WebsocketClient object at 0x000001E5DBBCD910>>: no running event loop
2024-10-12 18:10:11,355 - ERROR - no running event loop
2024-10-12 18:15:43,073 - INFO - Operación programada en 256.926436 segundos para el activo USDCHF.
2024-10-12 18:15:43,073 - INFO - Operación programada: {'asset': 'USDCHF', 'direction': 'put', 'scheduled_time_str': '18:20', 'duration_minutes': 5, 'wait_time': 256.926436}
2024-10-12 18:18:40,012 - INFO - Got difference for account updates
2024-10-12 18:19:47,392 - INFO - Got difference for channel 1836068618 updates
2024-10-12 18:20:00,005 - INFO - Iniciando operación USDCHF_18:20_1728768000
2024-10-12 18:20:01,955 - INFO - Websocket connected
2024-10-12 18:20:01,971 - INFO - Websocket client connected.
2024-10-12 18:20:02,472 - INFO - Conexión exitosa con la cuenta DEMO de Quotex
2024-10-12 18:20:02,472 - INFO - Operación USDCHF_18:20_1728768000, Intento 1: Operando USDCHF en dirección PUT con monto 1.
2024-10-12 18:20:49,991 - DEBUG - Sending ping
2024-10-12 18:21:13,993 - DEBUG - Sending ping
2024-10-12 18:21:38,007 - DEBUG - Sending ping
2024-10-12 18:22:02,009 - DEBUG - Sending ping
2024-10-12 18:22:26,023 - DEBUG - Sending ping
2024-10-12 18:22:50,030 - DEBUG - Sending ping
2024-10-12 18:23:14,034 - DEBUG - Sending ping
2024-10-12 18:23:38,043 - DEBUG - Sending ping
2024-10-12 18:24:02,046 - DEBUG - Sending ping
2024-10-12 18:24:26,051 - DEBUG - Sending ping
2024-10-12 18:24:50,064 - DEBUG - Sending ping
2024-10-12 18:25:11,733 - INFO - Operación USDCHF_18:20_1728768000 ganada en el intento 1.
2024-10-12 18:25:11,783 - WARNING - Conexión WebSocket cerrada: Código None, Mensaje: None
2024-10-12 18:25:11,783 - ERROR - error from callback <bound method WebsocketClient.on_close of <quotexapi.ws.client.WebsocketClient object at 0x000001E5DCD07950>>: no running event loop
2024-10-12 18:25:11,783 - ERROR - no running event loop
2024-10-12 18:28:47,666 - INFO - Got difference for channel 1823848674 updates
2024-10-12 18:30:44,026 - INFO - Operación programada en 255.974518 segundos para el activo CADJPY.
2024-10-12 18:30:44,026 - INFO - Operación programada: {'asset': 'CADJPY', 'direction': 'call', 'scheduled_time_str': '18:35', 'duration_minutes': 5, 'wait_time': 255.974518}
2024-10-12 18:33:40,164 - INFO - Got difference for account updates
2024-10-12 18:34:06,376 - INFO - Got difference for channel 1776892169 updates
2024-10-12 18:34:47,596 - INFO - Got difference for channel 1836068618 updates
2024-10-12 18:35:00,001 - INFO - Iniciando operación CADJPY_18:35_1728768900
2024-10-12 18:35:03,704 - INFO - Websocket connected
2024-10-12 18:35:03,766 - INFO - Websocket client connected.
2024-10-12 18:35:04,283 - INFO - Conexión exitosa con la cuenta DEMO de Quotex
2024-10-12 18:35:04,283 - INFO - Operación CADJPY_18:35_1728768900, Intento 1: Operando CADJPY en dirección CALL con monto 1.
2024-10-12 18:35:34,491 - WARNING - Conexión WebSocket cerrada: Código None, Mensaje: None
2024-10-12 18:35:34,491 - ERROR - error from callback <bound method WebsocketClient.on_close of <quotexapi.ws.client.WebsocketClient object at 0x000001E5DCD78BD0>>: no running event loop
2024-10-12 18:35:34,491 - ERROR - no running event loop
2024-10-12 18:46:54,042 - ERROR - Resultado desconocido de la operación CADJPY_18:35_1728768900.
2024-10-12 18:48:40,345 - INFO - Got difference for account updates
2024-10-12 18:49:47,722 - INFO - Got difference for channel 1836068618 updates
2024-10-12 18:55:45,089 - INFO - Operación programada en 254.910076 segundos para el activo AUDCAD.
2024-10-12 18:55:45,090 - INFO - Operación programada: {'asset': 'AUDCAD', 'direction': 'put', 'scheduled_time_str': '19:00', 'duration_minutes': 5, 'wait_time': 254.910076}
2024-10-12 18:58:20,033 - INFO - Got difference for channel 1776892169 updates
2024-10-12 19:00:00,014 - INFO - Iniciando operación AUDCAD_19:00_1728770400
2024-10-12 19:00:02,799 - INFO - Websocket connected
2024-10-12 19:00:02,860 - INFO - Websocket client connected.
2024-10-12 19:00:03,376 - INFO - Conexión exitosa con la cuenta DEMO de Quotex
2024-10-12 19:00:03,376 - INFO - Operación AUDCAD_19:00_1728770400, Intento 1: Operando AUDCAD en dirección PUT con monto 1.
2024-10-12 19:00:50,862 - DEBUG - Sending ping
2024-10-12 19:01:14,871 - DEBUG - Sending ping
2024-10-12 19:01:38,874 - DEBUG - Sending ping
2024-10-12 19:02:02,888 - DEBUG - Sending ping
2024-10-12 19:02:26,894 - DEBUG - Sending ping
2024-10-12 19:02:50,908 - DEBUG - Sending ping
2024-10-12 19:03:14,916 - DEBUG - Sending ping
2024-10-12 19:03:38,921 - DEBUG - Sending ping
2024-10-12 19:03:40,437 - INFO - Got difference for account updates
2024-10-12 19:04:02,922 - DEBUG - Sending ping
2024-10-12 19:04:26,929 - DEBUG - Sending ping
2024-10-12 19:04:50,933 - DEBUG - Sending ping
2024-10-12 19:05:11,917 - INFO - Operación AUDCAD_19:00_1728770400 ganada en el intento 1.
2024-10-12 19:05:11,989 - WARNING - Conexión WebSocket cerrada: Código None, Mensaje: None
2024-10-12 19:05:11,989 - ERROR - error from callback <bound method WebsocketClient.on_close of <quotexapi.ws.client.WebsocketClient object at 0x000001E5DCC92A90>>: no running event loop
2024-10-12 19:05:11,989 - ERROR - no running event loop
2024-10-12 19:18:40,678 - INFO - Got difference for channel 1836068618 updates
2024-10-12 19:20:35,056 - INFO - Got difference for channel 1836068618 updates
2024-10-12 19:22:48,988 - INFO - Got difference for channel 1836068618 updates
2024-10-12 19:25:48,183 - INFO - Got difference for channel 1357972817 updates
2024-10-12 19:28:20,188 - INFO - Got difference for channel 1776892169 updates
